MPASM 5.87                          MAIN.ASM   12-13-2021  11:08:41         PAGE  1


LOC  OBJECT CODE     LINE SOURCE TEXT
  VALUE

                      00001 ;*******************************************************************************
                      00002 ;    UFSC- Universidade Federal de Santa Catarina
                      00003 ;    *Project Name:
                      00004 ;             Display 7seg com contador com memória
                      00005 ;    *Copyright:;
                      00006 ;             Rodrigo Ferraz Souza
                      00007 ;    *Test Configuration:
                      00008 ;            MCU:              P16F877A
                      00009 ;            Oscillator:       HS, 4.0 MHz
                      00010 ;            Ext. Modules:     -
                      00011 ;    *NOTES:
                      00012 ;       Conta os numeros no display 7seg (2 digitos) e tem 3 botões
                      00013 ;           um para incrementar e outro para decrementar
                      00014 ;           um 3o para salvar o valor atual na memoria - quando apertado, zero o display
                      00015 ;       Se o valor do display for igual ao da memoria acende um led
                      00016 ;*******************************************************************************
                      00017 
                      00018 
                      00019 #include <P16F877A.INC>         ; Arquivo de include do uC usado, no caso PIC16F877A
                      00001         LIST
                      00002 
                      00003 ;==========================================================================
                      00004 ; Build date : Jan 06 2020
                      00005 ;  MPASM PIC16F877A processor include
                      00006 ; 
                      00007 ;  (c) Copyright 1999-2020 Microchip Technology, All rights reserved
                      00008 ;==========================================================================
                      00009 
                      00567         LIST
                      00020 
                      00021 ; Palavra de configura??o, desabilita e habilita algumas op??es internas
Warning[205]: Found directive in column 1. (__CONFIG)
2007   3F39           00022 __CONFIG  _CP_OFF & _CPD_OFF & _DEBUG_OFF & _LVP_OFF & _WRT_OFF & _BODEN_OFF & _PWRTE_OFF & _WDT_OFF & _
                            XT_OSC
                      00023 
                      00024   
                      00025 ; Definição de variaveis
Warning[205]: Found directive in column 1. (cblock)
                      00026 cblock 0x20
  00000020            00027     tempo0              
  00000021            00028     tempo1      
  00000022            00029     contador_display
  00000023            00030     unidade_zero
  00000024            00031     numero_salvo
Warning[205]: Found directive in column 1. (ENDC)
                      00032 endc
                      00033   
                      00034   
                      00035   
                      00036 ;************************ Vetor de Reset do uC ********************************
Warning[205]: Found directive in column 1. (org)
                      00037 org 0x00                        ; Vetor de reset do uC.
Warning[203]: Found opcode in column 1. (goto)
MPASM 5.87                          MAIN.ASM   12-13-2021  11:08:41         PAGE  2


LOC  OBJECT CODE     LINE SOURCE TEXT
  VALUE

0000   2???           00038 goto inicio                     ; Desvia para o inicio do programa.
                      00039     
                      00040  ; Inicio do programa 
0001                  00041 inicio:
0001   0186           00042     clrf        PORTB           ; Inicializa o Port B com zero
0002   0188           00043     clrf        PORTD           ; Inicializa o Port D com zero
                      00044     
0003   1683 1303      00045     banksel     TRISB           
0005   30FF           00046     movlw       0xff
Message[302]: Register in operand not in bank 0.  Ensure that bank bits are correct.
0006   0086           00047     movwf       TRISB           ; Configura tudo como entrada
                      00048     
0007   1683 1303      00049     banksel     TRISD           
0009   3000           00050     movlw       0x00
Message[302]: Register in operand not in bank 0.  Ensure that bank bits are correct.
000A   0088           00051     movwf       TRISD           ; Configura tudo como saida
                      00052     
000B   1683 1303      00053     banksel     TRISC           
000D   3000           00054     movlw       0x00
Message[302]: Register in operand not in bank 0.  Ensure that bank bits are correct.
000E   0087           00055     movwf       TRISC           ; Configura tudo como saida
                      00056     
000F   1683 1303      00057     banksel     TRISA           
0011   3000           00058     movlw       0x00
Message[302]: Register in operand not in bank 0.  Ensure that bank bits are correct.
0012   0081           00059     movwf       OPTION_REG      ; Configura Opções:
                      00060                                 ; Pull-Up habilitados.
                      00061                                 ; Interrup??o na borda de subida do sinal no pino B0.
                      00062                                 ; Timer0 incrementado pelo oscilador interno.
                      00063                                 ; Prescaler WDT 1:1.
                      00064                                 ; Prescaler Timer0 1:2.
0013   1283 1303      00065     banksel     PORTA           ; Seleciona banco de mem?ria 0.
                      00066     
0015   3000           00067     movlw       0x00
0016   00A2           00068     movwf       contador_display
0017   00A3           00069     movwf       unidade_zero
0018   3000           00070     movlw       0x00
0019   0087           00071     movwf       PORTC
                      00072     
001A   2???           00073     goto        loop
                      00074 
                      00075 ;sub-rotinas decremento
                      00076     
                      00077     ;esse bloco verifica os 4 bits da unidade do contador ]
                      00078     ;e levanta uma flga se for tudo 0
Warning[207]: Found label after column 1. (verifica_unidade0)
001B                  00079     verifica_unidade0:
001B   1C22           00080         btfss   contador_display, 0
001C   2???           00081         call    verifica_unidade1
001D   0000           00082         nop
001E   0008           00083         return
Warning[207]: Found label after column 1. (verifica_unidade1)
001F                  00084     verifica_unidade1:
MPASM 5.87                          MAIN.ASM   12-13-2021  11:08:41         PAGE  3


LOC  OBJECT CODE     LINE SOURCE TEXT
  VALUE

001F   1CA2           00085         btfss   contador_display, 1
0020   2???           00086         call    verifica_unidade2
0021   0000           00087         nop
0022   0008           00088         return
Warning[207]: Found label after column 1. (verifica_unidade2)
0023                  00089     verifica_unidade2:
0023   1D22           00090         btfss   contador_display, 2
0024   2???           00091         call    verifica_unidade3
0025   0000           00092         nop
0026   0008           00093         return
Warning[207]: Found label after column 1. (verifica_unidade3)
0027                  00094     verifica_unidade3:
0027   1DA2           00095         btfss   contador_display, 3
0028   2???           00096         call    set_flag_unidade
0029   0000           00097         nop
002A   0008           00098         return
                      00099     ;fim do bloco de verificar unidade
                      00100     
                      00101     ;levanta uma flag se a unidade for 0
Warning[207]: Found label after column 1. (set_flag_unidade)
002B                  00102     set_flag_unidade:
002B   3001           00103         movlw   0x01
002C   00A3           00104         movwf   unidade_zero
002D   0008           00105         return
                      00106         
Warning[207]: Found label after column 1. (decrementa_unidade)
002E                  00107     decrementa_unidade:
002E   0322           00108         decf    contador_display, W 
002F   00A2           00109         movwf   contador_display
0030   0008           00110         return
Warning[207]: Found label after column 1. (decrementa_dezena)
0031                  00111     decrementa_dezena:
                      00112         ; decrementa 0x06 do contador 
                      00113         ;(não sei fazer isso por comando pq o COMF não funciona)
0031   0322           00114         decf    contador_display, W 
0032   00A2           00115         movwf   contador_display
0033   0322           00116         decf    contador_display, W 
0034   00A2           00117         movwf   contador_display
0035   0322           00118         decf    contador_display, W 
0036   00A2           00119         movwf   contador_display
0037   0322           00120         decf    contador_display, W 
0038   00A2           00121         movwf   contador_display
0039   0322           00122         decf    contador_display, W 
003A   00A2           00123         movwf   contador_display
003B   0322           00124         decf    contador_display, W 
003C   00A2           00125         movwf   contador_display
003D   0008           00126         return
                      00127         
                      00128         
                      00129 ;sub-rotinas incremento
                      00130     ;como a parte da unidade atingiu 10 (1010), 
                      00131     ;somo 6 para dar 16 e somar 1 na dezena
Warning[207]: Found label after column 1. (incrementa_dezena)
MPASM 5.87                          MAIN.ASM   12-13-2021  11:08:41         PAGE  4


LOC  OBJECT CODE     LINE SOURCE TEXT
  VALUE

003E                  00132     incrementa_dezena:
003E   0822           00133         movf    contador_display,       W
003F   3E06           00134         addlw   0x06
0040   00A2           00135         movwf   contador_display
0041   0008           00136         return
                      00137 
                      00138     ;verifica se o bit 1 do contador é 1 
Warning[207]: Found label after column 1. (verifica_dezena1)
0042                  00139     verifica_dezena1:
0042   18A2           00140         btfsc   contador_display, 1
0043   2???           00141         call    incrementa_dezena
0044   0000           00142         nop
0045   0008           00143         return
                      00144 
                      00145     ;verifica se o bit 3 do contador é 1
Warning[207]: Found label after column 1. (verifica_dezena3)
0046                  00146     verifica_dezena3:
0046   19A2           00147         btfsc   contador_display, 3
0047   2???           00148         call    verifica_dezena1
0048   0000           00149         nop
0049   0008           00150         return
                      00151         
                      00152         
                      00153 ;Rotinas
004A                  00154 delay_ms:
004A   00A1           00155     movwf       tempo1          ; Carrega tempo1 (Unidade de ms).
004B   30FA           00156     movlw       .250
004C   00A0           00157     movwf       tempo0          ; Carrega tempo0 (Para contar 1ms).
004D   0000           00158     nop                         ; Perde tempo.
004E   0BA0           00159     decfsz      tempo0,F        ; Fim de tempo0 ?
004F   2???           00160     goto        $-2             ; N?o - Volta duas instru??es.
                      00161                                 ; Sim - Passou-se 1ms.
0050   0BA1           00162     decfsz      tempo1,F        ; Fim de tempo1 ?
0051   2???           00163     goto        $-6             ; N?o - Volta seis instru??es.
                      00164                                 ; Sim.
Warning[203]: Found opcode in column 1. (return)
0052   0008           00165 return 
                      00166 
                      00167 ;Converte o numero em 2 casas decimais e mostra no display
0053                  00168 mostra_numero_display:
0053   0822           00169     movf        contador_display,       W
0054   0088           00170     movwf       PORTD
0055   0008           00171     return
                      00172 
                      00173 
0056                  00174 incrementa_contador:
                      00175     ;soma 1 no contador
0056   0822           00176     movf        contador_display,       W
0057   3E01           00177     addlw       1
0058   00A2           00178     movwf       contador_display
                      00179     
                      00180     ;inicia a verificação para ver se a unidade atingiu "10"
0059   2???           00181     call        verifica_dezena3   
MPASM 5.87                          MAIN.ASM   12-13-2021  11:08:41         PAGE  5


LOC  OBJECT CODE     LINE SOURCE TEXT
  VALUE

                      00182     
                      00183     ; Faz 2 delays pq 1 não funciona por algum motivo...
005A   2???           00184     call        delay_ms
005B   2???           00185     call        delay_ms
005C   0008           00186     return
                      00187 
                      00188 
                      00189 
                      00190 
005D                  00191 decrementa_contador:
                      00192     ;Verifica se a unidade é 0 e levanta uma flag se for
005D   2???           00193     call        verifica_unidade0
                      00194     
                      00195     ;verifica a flag da unidade 
                      00196     ;e se for 0 decrementa uma dezena e deixa a unidade com 9
005E   1823           00197     btfsc       unidade_zero, 0
005F   2???           00198     call        decrementa_dezena
0060   2???           00199     call        decrementa_unidade
                      00200     
                      00201     ; Faz 2 delays pq 1 não funciona por algum motivo...
0061   2???           00202     call        delay_ms
0062   2???           00203     call        delay_ms
0063   0008           00204     return
                      00205     
0064                  00206 save_number:
                      00207 
0064   0822           00208     movf        contador_display,       W
0065   00A4           00209     movwf       numero_salvo
0066   3000           00210     movlw       0x00
0067   00A2           00211     movwf       contador_display
                      00212     ; Faz 2 delays pq 1 não funciona por algum motivo...
0068   2???           00213     call        delay_ms
0069   2???           00214     call        delay_ms
006A   0008           00215     return
006B                  00216 pulse:
006B   2???           00217     call        incrementa_contador
                      00218     ; verifica se o numero do display é igual ao da memoria
006C   2???           00219     call        mostra_numero_display
006D   0824           00220     movf        numero_salvo, W
006E   0222           00221     subwf       contador_display, W
006F   1903           00222     btfsc       STATUS,Z
0070   2???           00223     goto        $+2
0071   2???           00224     goto        $+7
0072   3000           00225     movlw       0x00
0073   00A2           00226     movwf       contador_display
0074   3020           00227     movlw       0x20    
0075   0087           00228     movwf       PORTC
0076   2???           00229     call        delay_ms
0077   2???           00230     call        delay_ms
0078   0000           00231     nop
0079   3000           00232     movlw       0x00
007A   0087           00233     movwf       PORTC
                      00234     
MPASM 5.87                          MAIN.ASM   12-13-2021  11:08:41         PAGE  6


LOC  OBJECT CODE     LINE SOURCE TEXT
  VALUE

                      00235     
                      00236     
                      00237     
007B   0008           00238     return
007C                  00239 loop:
                      00240     
                      00241     ;verifica o botão +
007C   1C06           00242     btfss       PORTB,  0
007D   2???           00243     call        incrementa_contador
007E   0000           00244     nop
                      00245     
                      00246     ;verifica o botão -
007F   1C86           00247     btfss       PORTB,  1
0080   2???           00248     call        decrementa_contador
0081   0000           00249     nop
                      00250     
                      00251     ;verifica o botão enter
0082   1D06           00252     btfss       PORTB,  2
0083   2???           00253     call        save_number
0084   0000           00254     nop
                      00255     
                      00256     ;verifica o botão pulse
0085   1D86           00257     btfss       PORTB,  3
0086   2???           00258     call        pulse
0087   0000           00259     nop
                      00260    
                      00261     
                      00262     
0088   2???           00263     call        mostra_numero_display
0089   2???           00264     goto        loop
3F39                  00265     end
MPASM 5.87                          MAIN.ASM   12-13-2021  11:08:41         PAGE  7


SYMBOL TABLE
  LABEL                             VALUE 

ACKDT                             00000005
ACKEN                             00000004
ACKSTAT                           00000006
ADCON0                            0000001F
ADCON1                            0000009F
ADCS0                             00000006
ADCS1                             00000007
ADCS2                             00000006
ADDEN                             00000003
ADFM                              00000007
ADIE                              00000006
ADIF                              00000006
ADON                              00000000
ADRESH                            0000001E
ADRESL                            0000009E
BCLIE                             00000003
BCLIF                             00000003
BF                                00000000
BRGH                              00000002
C                                 00000000
C1INV                             00000004
C1OUT                             00000006
C2INV                             00000005
C2OUT                             00000007
CCP1CON                           00000017
CCP1IE                            00000002
CCP1IF                            00000002
CCP1M0                            00000000
CCP1M1                            00000001
CCP1M2                            00000002
CCP1M3                            00000003
CCP1X                             00000005
CCP1Y                             00000004
CCP2CON                           0000001D
CCP2IE                            00000000
CCP2IF                            00000000
CCP2M0                            00000000
CCP2M1                            00000001
CCP2M2                            00000002
CCP2M3                            00000003
CCP2X                             00000005
CCP2Y                             00000004
CCPR1                             00000015
CCPR1H                            00000016
CCPR1L                            00000015
CCPR2                             0000001B
CCPR2H                            0000001C
CCPR2L                            0000001B
CHS0                              00000003
CHS1                              00000004
CHS2                              00000005
CIS                               00000003
CKE                               00000006
MPASM 5.87                          MAIN.ASM   12-13-2021  11:08:41         PAGE  8


SYMBOL TABLE
  LABEL                             VALUE 

CKP                               00000004
CM0                               00000000
CM1                               00000001
CM2                               00000002
CMCON                             0000009C
CMIE                              00000006
CMIF                              00000006
CREN                              00000004
CSRC                              00000007
CVR0                              00000000
CVR1                              00000001
CVR2                              00000002
CVR3                              00000003
CVRCON                            0000009D
CVREN                             00000007
CVROE                             00000006
CVRR                              00000005
D                                 00000005
DATA_ADDRESS                      00000005
DC                                00000001
D_A                               00000005
D_NOT_A                           00000005
EEADR                             0000010D
EEADRH                            0000010F
EECON1                            0000018C
EECON2                            0000018D
EEDATA                            0000010C
EEDATH                            0000010E
EEIE                              00000004
EEIF                              00000004
EEPGD                             00000007
F                                 00000001
FERR                              00000002
FSR                               00000004
GCEN                              00000007
GIE                               00000007
GO                                00000002
GO_DONE                           00000002
GO_NOT_DONE                       00000002
I2C_DATA                          00000005
I2C_READ                          00000002
I2C_START                         00000003
I2C_STOP                          00000004
IBF                               00000007
IBOV                              00000005
INDF                              00000000
INTCON                            0000000B
INTE                              00000004
INTEDG                            00000006
INTF                              00000001
IRP                               00000007
NOT_A                             00000005
NOT_ADDRESS                       00000005
MPASM 5.87                          MAIN.ASM   12-13-2021  11:08:41         PAGE  9


SYMBOL TABLE
  LABEL                             VALUE 

NOT_BO                            00000000
NOT_BOR                           00000000
NOT_DONE                          00000002
NOT_PD                            00000003
NOT_POR                           00000001
NOT_RBPU                          00000007
NOT_RC8                           00000006
NOT_T1SYNC                        00000002
NOT_TO                            00000004
NOT_TX8                           00000006
NOT_W                             00000002
NOT_WRITE                         00000002
OBF                               00000006
OERR                              00000001
OPTION_REG                        00000081
P                                 00000004
PCFG0                             00000000
PCFG1                             00000001
PCFG2                             00000002
PCFG3                             00000003
PCL                               00000002
PCLATH                            0000000A
PCON                              0000008E
PEIE                              00000006
PEN                               00000002
PIE1                              0000008C
PIE2                              0000008D
PIR1                              0000000C
PIR2                              0000000D
PORTA                             00000005
PORTB                             00000006
PORTC                             00000007
PORTD                             00000008
PORTE                             00000009
PR2                               00000092
PS0                               00000000
PS1                               00000001
PS2                               00000002
PSA                               00000003
PSPIE                             00000007
PSPIF                             00000007
PSPMODE                           00000004
R                                 00000002
RA0                               00000000
RA1                               00000001
RA2                               00000002
RA3                               00000003
RA4                               00000004
RA5                               00000005
RB0                               00000000
RB1                               00000001
RB2                               00000002
RB3                               00000003
MPASM 5.87                          MAIN.ASM   12-13-2021  11:08:41         PAGE 10


SYMBOL TABLE
  LABEL                             VALUE 

RB4                               00000004
RB5                               00000005
RB6                               00000006
RB7                               00000007
RBIE                              00000003
RBIF                              00000000
RC0                               00000000
RC1                               00000001
RC2                               00000002
RC3                               00000003
RC4                               00000004
RC5                               00000005
RC6                               00000006
RC7                               00000007
RC8_9                             00000006
RC9                               00000006
RCD8                              00000000
RCEN                              00000003
RCIE                              00000005
RCIF                              00000005
RCREG                             0000001A
RCSTA                             00000018
RD                                00000000
RD0                               00000000
RD1                               00000001
RD2                               00000002
RD3                               00000003
RD4                               00000004
RD5                               00000005
RD6                               00000006
RD7                               00000007
RE0                               00000000
RE1                               00000001
RE2                               00000002
READ_WRITE                        00000002
RP0                               00000005
RP1                               00000006
RSEN                              00000001
RX9                               00000006
RX9D                              00000000
R_NOT_W                           00000002
R_W                               00000002
S                                 00000003
SEN                               00000000
SMP                               00000007
SPBRG                             00000099
SPEN                              00000007
SREN                              00000005
SSPADD                            00000093
SSPBUF                            00000013
SSPCON                            00000014
SSPCON2                           00000091
SSPEN                             00000005
MPASM 5.87                          MAIN.ASM   12-13-2021  11:08:41         PAGE 11


SYMBOL TABLE
  LABEL                             VALUE 

SSPIE                             00000003
SSPIF                             00000003
SSPM0                             00000000
SSPM1                             00000001
SSPM2                             00000002
SSPM3                             00000003
SSPOV                             00000006
SSPSTAT                           00000094
STATUS                            00000003
SYNC                              00000004
T0CS                              00000005
T0IE                              00000005
T0IF                              00000002
T0SE                              00000004
T1CKPS0                           00000004
T1CKPS1                           00000005
T1CON                             00000010
T1INSYNC                          00000002
T1OSCEN                           00000003
T1SYNC                            00000002
T2CKPS0                           00000000
T2CKPS1                           00000001
T2CON                             00000012
TMR0                              00000001
TMR0IE                            00000005
TMR0IF                            00000002
TMR1                              0000000E
TMR1CS                            00000001
TMR1H                             0000000F
TMR1IE                            00000000
TMR1IF                            00000000
TMR1L                             0000000E
TMR1ON                            00000000
TMR2                              00000011
TMR2IE                            00000001
TMR2IF                            00000001
TMR2ON                            00000002
TOUTPS0                           00000003
TOUTPS1                           00000004
TOUTPS2                           00000005
TOUTPS3                           00000006
TRISA                             00000085
TRISA0                            00000000
TRISA1                            00000001
TRISA2                            00000002
TRISA3                            00000003
TRISA4                            00000004
TRISA5                            00000005
TRISB                             00000086
TRISB0                            00000000
TRISB1                            00000001
TRISB2                            00000002
TRISB3                            00000003
MPASM 5.87                          MAIN.ASM   12-13-2021  11:08:41         PAGE 12


SYMBOL TABLE
  LABEL                             VALUE 

TRISB4                            00000004
TRISB5                            00000005
TRISB6                            00000006
TRISB7                            00000007
TRISC                             00000087
TRISC0                            00000000
TRISC1                            00000001
TRISC2                            00000002
TRISC3                            00000003
TRISC4                            00000004
TRISC5                            00000005
TRISC6                            00000006
TRISC7                            00000007
TRISD                             00000088
TRISD0                            00000000
TRISD1                            00000001
TRISD2                            00000002
TRISD3                            00000003
TRISD4                            00000004
TRISD5                            00000005
TRISD6                            00000006
TRISD7                            00000007
TRISE                             00000089
TRISE0                            00000000
TRISE1                            00000001
TRISE2                            00000002
TRMT                              00000001
TX8_9                             00000006
TX9                               00000006
TX9D                              00000000
TXD8                              00000000
TXEN                              00000005
TXIE                              00000004
TXIF                              00000004
TXREG                             00000019
TXSTA                             00000098
UA                                00000001
W                                 00000000
WCOL                              00000007
WR                                00000001
WREN                              00000002
WRERR                             00000003
Z                                 00000002
_.org_0_004F                      0000004F
_.org_0_0051                      00000051
_.org_0_0070                      00000070
_.org_0_0071                      00000071
_BODEN_OFF                        00003FBF
_BODEN_ON                         00003FFF
_BOREN_OFF                        00003FBF
_BOREN_ON                         00003FFF
_CONFIG                           00002007
_CPD_OFF                          00003FFF
MPASM 5.87                          MAIN.ASM   12-13-2021  11:08:41         PAGE 13


SYMBOL TABLE
  LABEL                             VALUE 

_CPD_ON                           00003EFF
_CP_ALL                           00001FFF
_CP_OFF                           00003FFF
_CP_ON                            00001FFF
_DEBUG_OFF                        00003FFF
_DEBUG_ON                         000037FF
_DEVID1                           00002006
_FOSC_EXTRC                       00003FFF
_FOSC_HS                          00003FFE
_FOSC_LP                          00003FFC
_FOSC_XT                          00003FFD
_HS_OSC                           00003FFE
_IDLOC0                           00002000
_IDLOC1                           00002001
_IDLOC2                           00002002
_IDLOC3                           00002003
_LP_OSC                           00003FFC
_LVP_OFF                          00003F7F
_LVP_ON                           00003FFF
_PWRTE_OFF                        00003FFF
_PWRTE_ON                         00003FF7
_RC_OSC                           00003FFF
_WDTE_OFF                         00003FFB
_WDTE_ON                          00003FFF
_WDT_OFF                          00003FFB
_WDT_ON                           00003FFF
_WRT_1FOURTH                      00003BFF
_WRT_256                          00003DFF
_WRT_HALF                         000039FF
_WRT_OFF                          00003FFF
_XT_OSC                           00003FFD
__16F877A                         00000001
contador_display                  00000022
decrementa_contador               0000005D
decrementa_dezena                 00000031
decrementa_unidade                0000002E
delay_ms                          0000004A
incrementa_contador               00000056
incrementa_dezena                 0000003E
inicio                            00000001
loop                              0000007C
mostra_numero_display             00000053
numero_salvo                      00000024
pulse                             0000006B
save_number                       00000064
set_flag_unidade                  0000002B
tempo0                            00000020
tempo1                            00000021
unidade_zero                      00000023
verifica_dezena1                  00000042
verifica_dezena3                  00000046
verifica_unidade0                 0000001B
verifica_unidade1                 0000001F
MPASM 5.87                          MAIN.ASM   12-13-2021  11:08:41         PAGE 14


SYMBOL TABLE
  LABEL                             VALUE 

verifica_unidade2                 00000023
verifica_unidade3                 00000027

Errors   :     0
Warnings :    16 reported,     0 suppressed
Messages :     4 reported,     0 suppressed

