Warning[205] D:\ONEDRIVE - UFSC\ACADEMICO\UFSC\AULAS\6 - MPMC\CONTADOR_7SEG\SOFTWARE\CONTADOR-7SEG-MEMORIA.X\MAIN.ASM 22 : Found directive in column 1. (__CONFIG)
Warning[205] D:\ONEDRIVE - UFSC\ACADEMICO\UFSC\AULAS\6 - MPMC\CONTADOR_7SEG\SOFTWARE\CONTADOR-7SEG-MEMORIA.X\MAIN.ASM 26 : Found directive in column 1. (cblock)
Warning[205] D:\ONEDRIVE - UFSC\ACADEMICO\UFSC\AULAS\6 - MPMC\CONTADOR_7SEG\SOFTWARE\CONTADOR-7SEG-MEMORIA.X\MAIN.ASM 32 : Found directive in column 1. (ENDC)
Warning[205] D:\ONEDRIVE - UFSC\ACADEMICO\UFSC\AULAS\6 - MPMC\CONTADOR_7SEG\SOFTWARE\CONTADOR-7SEG-MEMORIA.X\MAIN.ASM 37 : Found directive in column 1. (org)
Warning[203] D:\ONEDRIVE - UFSC\ACADEMICO\UFSC\AULAS\6 - MPMC\CONTADOR_7SEG\SOFTWARE\CONTADOR-7SEG-MEMORIA.X\MAIN.ASM 38 : Found opcode in column 1. (goto)
Message[302] D:\ONEDRIVE - UFSC\ACADEMICO\UFSC\AULAS\6 - MPMC\CONTADOR_7SEG\SOFTWARE\CONTADOR-7SEG-MEMORIA.X\MAIN.ASM 47 : Register in operand not in bank 0.  Ensure that bank bits are correct.
Message[302] D:\ONEDRIVE - UFSC\ACADEMICO\UFSC\AULAS\6 - MPMC\CONTADOR_7SEG\SOFTWARE\CONTADOR-7SEG-MEMORIA.X\MAIN.ASM 51 : Register in operand not in bank 0.  Ensure that bank bits are correct.
Message[302] D:\ONEDRIVE - UFSC\ACADEMICO\UFSC\AULAS\6 - MPMC\CONTADOR_7SEG\SOFTWARE\CONTADOR-7SEG-MEMORIA.X\MAIN.ASM 55 : Register in operand not in bank 0.  Ensure that bank bits are correct.
Message[302] D:\ONEDRIVE - UFSC\ACADEMICO\UFSC\AULAS\6 - MPMC\CONTADOR_7SEG\SOFTWARE\CONTADOR-7SEG-MEMORIA.X\MAIN.ASM 59 : Register in operand not in bank 0.  Ensure that bank bits are correct.
Warning[207] D:\ONEDRIVE - UFSC\ACADEMICO\UFSC\AULAS\6 - MPMC\CONTADOR_7SEG\SOFTWARE\CONTADOR-7SEG-MEMORIA.X\MAIN.ASM 79 : Found label after column 1. (verifica_unidade0)
Warning[207] D:\ONEDRIVE - UFSC\ACADEMICO\UFSC\AULAS\6 - MPMC\CONTADOR_7SEG\SOFTWARE\CONTADOR-7SEG-MEMORIA.X\MAIN.ASM 84 : Found label after column 1. (verifica_unidade1)
Warning[207] D:\ONEDRIVE - UFSC\ACADEMICO\UFSC\AULAS\6 - MPMC\CONTADOR_7SEG\SOFTWARE\CONTADOR-7SEG-MEMORIA.X\MAIN.ASM 89 : Found label after column 1. (verifica_unidade2)
Warning[207] D:\ONEDRIVE - UFSC\ACADEMICO\UFSC\AULAS\6 - MPMC\CONTADOR_7SEG\SOFTWARE\CONTADOR-7SEG-MEMORIA.X\MAIN.ASM 94 : Found label after column 1. (verifica_unidade3)
Warning[207] D:\ONEDRIVE - UFSC\ACADEMICO\UFSC\AULAS\6 - MPMC\CONTADOR_7SEG\SOFTWARE\CONTADOR-7SEG-MEMORIA.X\MAIN.ASM 102 : Found label after column 1. (set_flag_unidade)
Warning[207] D:\ONEDRIVE - UFSC\ACADEMICO\UFSC\AULAS\6 - MPMC\CONTADOR_7SEG\SOFTWARE\CONTADOR-7SEG-MEMORIA.X\MAIN.ASM 107 : Found label after column 1. (decrementa_unidade)
Warning[207] D:\ONEDRIVE - UFSC\ACADEMICO\UFSC\AULAS\6 - MPMC\CONTADOR_7SEG\SOFTWARE\CONTADOR-7SEG-MEMORIA.X\MAIN.ASM 111 : Found label after column 1. (decrementa_dezena)
Warning[207] D:\ONEDRIVE - UFSC\ACADEMICO\UFSC\AULAS\6 - MPMC\CONTADOR_7SEG\SOFTWARE\CONTADOR-7SEG-MEMORIA.X\MAIN.ASM 132 : Found label after column 1. (incrementa_dezena)
Warning[207] D:\ONEDRIVE - UFSC\ACADEMICO\UFSC\AULAS\6 - MPMC\CONTADOR_7SEG\SOFTWARE\CONTADOR-7SEG-MEMORIA.X\MAIN.ASM 139 : Found label after column 1. (verifica_dezena1)
Warning[207] D:\ONEDRIVE - UFSC\ACADEMICO\UFSC\AULAS\6 - MPMC\CONTADOR_7SEG\SOFTWARE\CONTADOR-7SEG-MEMORIA.X\MAIN.ASM 146 : Found label after column 1. (verifica_dezena3)
Warning[203] D:\ONEDRIVE - UFSC\ACADEMICO\UFSC\AULAS\6 - MPMC\CONTADOR_7SEG\SOFTWARE\CONTADOR-7SEG-MEMORIA.X\MAIN.ASM 165 : Found opcode in column 1. (return)
