MPASM 5.87                          MAIN.ASM   12-10-2021  22:27:15         PAGE  1


LOC  OBJECT CODE     LINE SOURCE TEXT
  VALUE

                      00001 ;*******************************************************************************
                      00002 ;    UFSC- Universidade Federal de Santa Catarina
                      00003 ;    *Project Name:
                      00004 ;             Display 7seg com contador
                      00005 ;    *Copyright:;
                      00006 ;             Rodrigo Ferraz Souza
                      00007 ;    *Test Configuration:
                      00008 ;            MCU:              P16F877A
                      00009 ;            Oscillator:       HS, 4.0 MHz
                      00010 ;            Ext. Modules:     -
                      00011 ;    *NOTES:
                      00012 ;       Conta os numeros no display 7seg (2 digitos) e tem 2 botões
                      00013 ;           um para incrementar e outro para decrementar
                      00014 ;*******************************************************************************
                      00015 
                      00016 
                      00017 #include <P16F877A.INC>         ; Arquivo de include do uC usado, no caso PIC16F877A
                      00001         LIST
                      00002 
                      00003 ;==========================================================================
                      00004 ; Build date : Jan 06 2020
                      00005 ;  MPASM PIC16F877A processor include
                      00006 ; 
                      00007 ;  (c) Copyright 1999-2020 Microchip Technology, All rights reserved
                      00008 ;==========================================================================
                      00009 
                      00567         LIST
                      00018 
                      00019 ; Palavra de configura??o, desabilita e habilita algumas op??es internas
Warning[205]: Found directive in column 1. (__CONFIG)
2007   3F39           00020 __CONFIG  _CP_OFF & _CPD_OFF & _DEBUG_OFF & _LVP_OFF & _WRT_OFF & _BODEN_OFF & _PWRTE_OFF & _WDT_OFF & _
                            XT_OSC
                      00021 
                      00022   
                      00023 ; Definição de variaveis
Warning[205]: Found directive in column 1. (cblock)
                      00024 cblock 0x20
  00000020            00025     tempo0              
  00000021            00026     tempo1      
  00000022            00027     contador_display
  00000023            00028     unidade_zero
Warning[205]: Found directive in column 1. (ENDC)
                      00029 endc
                      00030   
                      00031   
                      00032   
                      00033 ;************************ Vetor de Reset do uC ********************************
Warning[205]: Found directive in column 1. (org)
                      00034 org 0x00                        ; Vetor de reset do uC.
Warning[203]: Found opcode in column 1. (goto)
0000   2???           00035 goto inicio                     ; Desvia para o inicio do programa.
                      00036     
                      00037  ; Inicio do programa 
MPASM 5.87                          MAIN.ASM   12-10-2021  22:27:15         PAGE  2


LOC  OBJECT CODE     LINE SOURCE TEXT
  VALUE

0001                  00038 inicio:
0001   0186           00039     clrf        PORTB           ; Inicializa o Port B com zero
0002   0188           00040     clrf        PORTD           ; Inicializa o Port D com zero
                      00041     
0003   1683 1303      00042     banksel     TRISB           
0005   30FF           00043     movlw       0xff
Message[302]: Register in operand not in bank 0.  Ensure that bank bits are correct.
0006   0086           00044     movwf       TRISB           ; Configura tudo como entrada
                      00045     
0007   1683 1303      00046     banksel     TRISD           
0009   3000           00047     movlw       0x00
Message[302]: Register in operand not in bank 0.  Ensure that bank bits are correct.
000A   0088           00048     movwf       TRISD           ; Configura tudo como saida
                      00049     
000B   1683 1303      00050     banksel     TRISA           
000D   3000           00051     movlw       0x00
Message[302]: Register in operand not in bank 0.  Ensure that bank bits are correct.
000E   0081           00052     movwf       OPTION_REG      ; Configura Opções:
                      00053                                 ; Pull-Up habilitados.
                      00054                                 ; Interrup??o na borda de subida do sinal no pino B0.
                      00055                                 ; Timer0 incrementado pelo oscilador interno.
                      00056                                 ; Prescaler WDT 1:1.
                      00057                                 ; Prescaler Timer0 1:2.
000F   1283 1303      00058     banksel     PORTA           ; Seleciona banco de mem?ria 0.
                      00059     
0011   3000           00060     movlw       0x00
0012   00A2           00061     movwf       contador_display
0013   00A3           00062     movwf       unidade_zero
                      00063 
                      00064 ;sub-rotinas decremento
                      00065     
                      00066     ;esse bloco verifica os 4 bits da unidade do contador ]
                      00067     ;e levanta uma flga se for tudo 0
Warning[207]: Found label after column 1. (verifica_unidade0)
0014                  00068     verifica_unidade0:
0014   1C22           00069         btfss   contador_display, 0
0015   2???           00070         call    verifica_unidade1
0016   0000           00071         nop
0017   0008           00072         return
Warning[207]: Found label after column 1. (verifica_unidade1)
0018                  00073     verifica_unidade1:
0018   1CA2           00074         btfss   contador_display, 1
0019   2???           00075         call    verifica_unidade2
001A   0000           00076         nop
001B   0008           00077         return
Warning[207]: Found label after column 1. (verifica_unidade2)
001C                  00078     verifica_unidade2:
001C   1D22           00079         btfss   contador_display, 2
001D   2???           00080         call    verifica_unidade3
001E   0000           00081         nop
001F   0008           00082         return
Warning[207]: Found label after column 1. (verifica_unidade3)
0020                  00083     verifica_unidade3:
MPASM 5.87                          MAIN.ASM   12-10-2021  22:27:15         PAGE  3


LOC  OBJECT CODE     LINE SOURCE TEXT
  VALUE

0020   1DA2           00084         btfss   contador_display, 3
0021   2???           00085         call    set_flag_unidade
0022   0000           00086         nop
0023   0008           00087         return
                      00088     ;fim do bloco de verificar unidade
                      00089     
                      00090     ;levanta uma flag se a unidade for 0
Warning[207]: Found label after column 1. (set_flag_unidade)
0024                  00091     set_flag_unidade:
0024   3001           00092         movlw   0x01
0025   00A3           00093         movwf   unidade_zero
0026   0008           00094         return
                      00095         
Warning[207]: Found label after column 1. (decrementa_unidade)
0027                  00096     decrementa_unidade:
0027   0322           00097         decf    contador_display, W 
0028   00A2           00098         movwf   contador_display
0029   0008           00099         return
Warning[207]: Found label after column 1. (decrementa_dezena)
002A                  00100     decrementa_dezena:
                      00101         ; decrementa 0x06 do contador 
                      00102         ;(não sei fazer isso por comando pq o COMF não funciona)
002A   0322           00103         decf    contador_display, W 
002B   00A2           00104         movwf   contador_display
002C   0322           00105         decf    contador_display, W 
002D   00A2           00106         movwf   contador_display
002E   0322           00107         decf    contador_display, W 
002F   00A2           00108         movwf   contador_display
0030   0322           00109         decf    contador_display, W 
0031   00A2           00110         movwf   contador_display
0032   0322           00111         decf    contador_display, W 
0033   00A2           00112         movwf   contador_display
0034   0322           00113         decf    contador_display, W 
0035   00A2           00114         movwf   contador_display
0036   0008           00115         return
                      00116         
                      00117         
                      00118 ;sub-rotinas incremento
                      00119     ;como a parte da unidade atingiu 10 (1010), 
                      00120     ;somo 6 para dar 16 e somar 1 na dezena
Warning[207]: Found label after column 1. (incrementa_dezena)
0037                  00121     incrementa_dezena:
0037   0822           00122         movf    contador_display,       W
0038   3E06           00123         addlw   0x06
0039   00A2           00124         movwf   contador_display
003A   0008           00125         return
                      00126 
                      00127     ;verifica se o bit 1 do contador é 1 
Warning[207]: Found label after column 1. (verifica_dezena1)
003B                  00128     verifica_dezena1:
003B   18A2           00129         btfsc   contador_display, 1
003C   2???           00130         call    incrementa_dezena
003D   0000           00131         nop
MPASM 5.87                          MAIN.ASM   12-10-2021  22:27:15         PAGE  4


LOC  OBJECT CODE     LINE SOURCE TEXT
  VALUE

Warning[211]: Extraneous arguments on the line.
003E   0008           00132         return]
                      00133 
                      00134     ;verifica se o bit 3 do contador é 1
Warning[207]: Found label after column 1. (verifica_dezena3)
003F                  00135     verifica_dezena3:
003F   19A2           00136         btfsc   contador_display, 3
0040   2???           00137         call    verifica_dezena1
0041   0000           00138         nop
0042   0008           00139         return
                      00140         
                      00141         
                      00142 ;Rotinas
0043                  00143 delay_ms:
0043   00A1           00144     movwf       tempo1          ; Carrega tempo1 (Unidade de ms).
0044   30FA           00145     movlw       .250
0045   00A0           00146     movwf       tempo0          ; Carrega tempo0 (Para contar 1ms).
0046   0000           00147     nop                         ; Perde tempo.
0047   0BA0           00148     decfsz      tempo0,F        ; Fim de tempo0 ?
0048   2???           00149     goto        $-2             ; N?o - Volta duas instru??es.
                      00150                                 ; Sim - Passou-se 1ms.
0049   0BA1           00151     decfsz      tempo1,F        ; Fim de tempo1 ?
004A   2???           00152     goto        $-6             ; N?o - Volta seis instru??es.
                      00153                                 ; Sim.
004B   0008           00154     return 
                      00155 
                      00156 ;Converte o numero em 2 casas decimais e mostra no display
004C                  00157 mostra_numero_display:
004C   0822           00158     movf        contador_display,       W
004D   0088           00159     movwf       PORTD
004E   0008           00160     return
                      00161 
                      00162 
004F                  00163 incrementa_contador:
                      00164     ;soma 1 no contador
004F   0822           00165     movf        contador_display,       W
0050   3E01           00166     addlw       1
0051   00A2           00167     movwf       contador_display
                      00168     
                      00169     ;inicia a verificação para ver se a unidade atingiu "10"
0052   2???           00170     call        verifica_dezena3   
                      00171     
                      00172     ; Faz 2 delays pq 1 não funciona por algum motivo...
0053   2???           00173     call        delay_ms
0054   2???           00174     call        delay_ms
0055   0008           00175     return
                      00176 
                      00177 
                      00178 
                      00179 
0056                  00180 decrementa_contador:
                      00181     ;Verifica se a unidade é 0 e levanta uma flag se for
0056   2???           00182     call        verifica_unidade0
MPASM 5.87                          MAIN.ASM   12-10-2021  22:27:15         PAGE  5


LOC  OBJECT CODE     LINE SOURCE TEXT
  VALUE

                      00183     
                      00184     ;verifica a flag da unidade 
                      00185     ;e se for 0 decrementa uma dezena e deixa a unidade com 9
0057   1823           00186     btfsc       unidade_zero, 0
0058   2???           00187     call        decrementa_dezena
0059   2???           00188     call        decrementa_unidade
                      00189     
                      00190     ; Faz 2 delays pq 1 não funciona por algum motivo...
005A   2???           00191     call        delay_ms
005B   2???           00192     call        delay_ms
005C   0008           00193     return
005D   0008           00194     return
005E                  00195 loop:
                      00196     
                      00197     ;verifica o botão +
005E   1C06           00198     btfss       PORTB,  0
005F   2???           00199     call        incrementa_contador
0060   0000           00200     nop
                      00201     
                      00202     ;verifica o botão -
0061   1C86           00203     btfss       PORTB,  1
0062   2???           00204     call        decrementa_contador
0063   0000           00205     nop
                      00206    
0064   2???           00207     call        mostra_numero_display
0065   2???           00208     goto        loop
3F39                  00209     end
MPASM 5.87                          MAIN.ASM   12-10-2021  22:27:15         PAGE  6


SYMBOL TABLE
  LABEL                             VALUE 

ACKDT                             00000005
ACKEN                             00000004
ACKSTAT                           00000006
ADCON0                            0000001F
ADCON1                            0000009F
ADCS0                             00000006
ADCS1                             00000007
ADCS2                             00000006
ADDEN                             00000003
ADFM                              00000007
ADIE                              00000006
ADIF                              00000006
ADON                              00000000
ADRESH                            0000001E
ADRESL                            0000009E
BCLIE                             00000003
BCLIF                             00000003
BF                                00000000
BRGH                              00000002
C                                 00000000
C1INV                             00000004
C1OUT                             00000006
C2INV                             00000005
C2OUT                             00000007
CCP1CON                           00000017
CCP1IE                            00000002
CCP1IF                            00000002
CCP1M0                            00000000
CCP1M1                            00000001
CCP1M2                            00000002
CCP1M3                            00000003
CCP1X                             00000005
CCP1Y                             00000004
CCP2CON                           0000001D
CCP2IE                            00000000
CCP2IF                            00000000
CCP2M0                            00000000
CCP2M1                            00000001
CCP2M2                            00000002
CCP2M3                            00000003
CCP2X                             00000005
CCP2Y                             00000004
CCPR1                             00000015
CCPR1H                            00000016
CCPR1L                            00000015
CCPR2                             0000001B
CCPR2H                            0000001C
CCPR2L                            0000001B
CHS0                              00000003
CHS1                              00000004
CHS2                              00000005
CIS                               00000003
CKE                               00000006
MPASM 5.87                          MAIN.ASM   12-10-2021  22:27:15         PAGE  7


SYMBOL TABLE
  LABEL                             VALUE 

CKP                               00000004
CM0                               00000000
CM1                               00000001
CM2                               00000002
CMCON                             0000009C
CMIE                              00000006
CMIF                              00000006
CREN                              00000004
CSRC                              00000007
CVR0                              00000000
CVR1                              00000001
CVR2                              00000002
CVR3                              00000003
CVRCON                            0000009D
CVREN                             00000007
CVROE                             00000006
CVRR                              00000005
D                                 00000005
DATA_ADDRESS                      00000005
DC                                00000001
D_A                               00000005
D_NOT_A                           00000005
EEADR                             0000010D
EEADRH                            0000010F
EECON1                            0000018C
EECON2                            0000018D
EEDATA                            0000010C
EEDATH                            0000010E
EEIE                              00000004
EEIF                              00000004
EEPGD                             00000007
F                                 00000001
FERR                              00000002
FSR                               00000004
GCEN                              00000007
GIE                               00000007
GO                                00000002
GO_DONE                           00000002
GO_NOT_DONE                       00000002
I2C_DATA                          00000005
I2C_READ                          00000002
I2C_START                         00000003
I2C_STOP                          00000004
IBF                               00000007
IBOV                              00000005
INDF                              00000000
INTCON                            0000000B
INTE                              00000004
INTEDG                            00000006
INTF                              00000001
IRP                               00000007
NOT_A                             00000005
NOT_ADDRESS                       00000005
MPASM 5.87                          MAIN.ASM   12-10-2021  22:27:15         PAGE  8


SYMBOL TABLE
  LABEL                             VALUE 

NOT_BO                            00000000
NOT_BOR                           00000000
NOT_DONE                          00000002
NOT_PD                            00000003
NOT_POR                           00000001
NOT_RBPU                          00000007
NOT_RC8                           00000006
NOT_T1SYNC                        00000002
NOT_TO                            00000004
NOT_TX8                           00000006
NOT_W                             00000002
NOT_WRITE                         00000002
OBF                               00000006
OERR                              00000001
OPTION_REG                        00000081
P                                 00000004
PCFG0                             00000000
PCFG1                             00000001
PCFG2                             00000002
PCFG3                             00000003
PCL                               00000002
PCLATH                            0000000A
PCON                              0000008E
PEIE                              00000006
PEN                               00000002
PIE1                              0000008C
PIE2                              0000008D
PIR1                              0000000C
PIR2                              0000000D
PORTA                             00000005
PORTB                             00000006
PORTC                             00000007
PORTD                             00000008
PORTE                             00000009
PR2                               00000092
PS0                               00000000
PS1                               00000001
PS2                               00000002
PSA                               00000003
PSPIE                             00000007
PSPIF                             00000007
PSPMODE                           00000004
R                                 00000002
RA0                               00000000
RA1                               00000001
RA2                               00000002
RA3                               00000003
RA4                               00000004
RA5                               00000005
RB0                               00000000
RB1                               00000001
RB2                               00000002
RB3                               00000003
MPASM 5.87                          MAIN.ASM   12-10-2021  22:27:15         PAGE  9


SYMBOL TABLE
  LABEL                             VALUE 

RB4                               00000004
RB5                               00000005
RB6                               00000006
RB7                               00000007
RBIE                              00000003
RBIF                              00000000
RC0                               00000000
RC1                               00000001
RC2                               00000002
RC3                               00000003
RC4                               00000004
RC5                               00000005
RC6                               00000006
RC7                               00000007
RC8_9                             00000006
RC9                               00000006
RCD8                              00000000
RCEN                              00000003
RCIE                              00000005
RCIF                              00000005
RCREG                             0000001A
RCSTA                             00000018
RD                                00000000
RD0                               00000000
RD1                               00000001
RD2                               00000002
RD3                               00000003
RD4                               00000004
RD5                               00000005
RD6                               00000006
RD7                               00000007
RE0                               00000000
RE1                               00000001
RE2                               00000002
READ_WRITE                        00000002
RP0                               00000005
RP1                               00000006
RSEN                              00000001
RX9                               00000006
RX9D                              00000000
R_NOT_W                           00000002
R_W                               00000002
S                                 00000003
SEN                               00000000
SMP                               00000007
SPBRG                             00000099
SPEN                              00000007
SREN                              00000005
SSPADD                            00000093
SSPBUF                            00000013
SSPCON                            00000014
SSPCON2                           00000091
SSPEN                             00000005
MPASM 5.87                          MAIN.ASM   12-10-2021  22:27:15         PAGE 10


SYMBOL TABLE
  LABEL                             VALUE 

SSPIE                             00000003
SSPIF                             00000003
SSPM0                             00000000
SSPM1                             00000001
SSPM2                             00000002
SSPM3                             00000003
SSPOV                             00000006
SSPSTAT                           00000094
STATUS                            00000003
SYNC                              00000004
T0CS                              00000005
T0IE                              00000005
T0IF                              00000002
T0SE                              00000004
T1CKPS0                           00000004
T1CKPS1                           00000005
T1CON                             00000010
T1INSYNC                          00000002
T1OSCEN                           00000003
T1SYNC                            00000002
T2CKPS0                           00000000
T2CKPS1                           00000001
T2CON                             00000012
TMR0                              00000001
TMR0IE                            00000005
TMR0IF                            00000002
TMR1                              0000000E
TMR1CS                            00000001
TMR1H                             0000000F
TMR1IE                            00000000
TMR1IF                            00000000
TMR1L                             0000000E
TMR1ON                            00000000
TMR2                              00000011
TMR2IE                            00000001
TMR2IF                            00000001
TMR2ON                            00000002
TOUTPS0                           00000003
TOUTPS1                           00000004
TOUTPS2                           00000005
TOUTPS3                           00000006
TRISA                             00000085
TRISA0                            00000000
TRISA1                            00000001
TRISA2                            00000002
TRISA3                            00000003
TRISA4                            00000004
TRISA5                            00000005
TRISB                             00000086
TRISB0                            00000000
TRISB1                            00000001
TRISB2                            00000002
TRISB3                            00000003
MPASM 5.87                          MAIN.ASM   12-10-2021  22:27:15         PAGE 11


SYMBOL TABLE
  LABEL                             VALUE 

TRISB4                            00000004
TRISB5                            00000005
TRISB6                            00000006
TRISB7                            00000007
TRISC                             00000087
TRISC0                            00000000
TRISC1                            00000001
TRISC2                            00000002
TRISC3                            00000003
TRISC4                            00000004
TRISC5                            00000005
TRISC6                            00000006
TRISC7                            00000007
TRISD                             00000088
TRISD0                            00000000
TRISD1                            00000001
TRISD2                            00000002
TRISD3                            00000003
TRISD4                            00000004
TRISD5                            00000005
TRISD6                            00000006
TRISD7                            00000007
TRISE                             00000089
TRISE0                            00000000
TRISE1                            00000001
TRISE2                            00000002
TRMT                              00000001
TX8_9                             00000006
TX9                               00000006
TX9D                              00000000
TXD8                              00000000
TXEN                              00000005
TXIE                              00000004
TXIF                              00000004
TXREG                             00000019
TXSTA                             00000098
UA                                00000001
W                                 00000000
WCOL                              00000007
WR                                00000001
WREN                              00000002
WRERR                             00000003
Z                                 00000002
_.org_0_0048                      00000048
_.org_0_004A                      0000004A
_BODEN_OFF                        00003FBF
_BODEN_ON                         00003FFF
_BOREN_OFF                        00003FBF
_BOREN_ON                         00003FFF
_CONFIG                           00002007
_CPD_OFF                          00003FFF
_CPD_ON                           00003EFF
_CP_ALL                           00001FFF
MPASM 5.87                          MAIN.ASM   12-10-2021  22:27:15         PAGE 12


SYMBOL TABLE
  LABEL                             VALUE 

_CP_OFF                           00003FFF
_CP_ON                            00001FFF
_DEBUG_OFF                        00003FFF
_DEBUG_ON                         000037FF
_DEVID1                           00002006
_FOSC_EXTRC                       00003FFF
_FOSC_HS                          00003FFE
_FOSC_LP                          00003FFC
_FOSC_XT                          00003FFD
_HS_OSC                           00003FFE
_IDLOC0                           00002000
_IDLOC1                           00002001
_IDLOC2                           00002002
_IDLOC3                           00002003
_LP_OSC                           00003FFC
_LVP_OFF                          00003F7F
_LVP_ON                           00003FFF
_PWRTE_OFF                        00003FFF
_PWRTE_ON                         00003FF7
_RC_OSC                           00003FFF
_WDTE_OFF                         00003FFB
_WDTE_ON                          00003FFF
_WDT_OFF                          00003FFB
_WDT_ON                           00003FFF
_WRT_1FOURTH                      00003BFF
_WRT_256                          00003DFF
_WRT_HALF                         000039FF
_WRT_OFF                          00003FFF
_XT_OSC                           00003FFD
__16F877A                         00000001
contador_display                  00000022
decrementa_contador               00000056
decrementa_dezena                 0000002A
decrementa_unidade                00000027
delay_ms                          00000043
incrementa_contador               0000004F
incrementa_dezena                 00000037
inicio                            00000001
loop                              0000005E
mostra_numero_display             0000004C
set_flag_unidade                  00000024
tempo0                            00000020
tempo1                            00000021
unidade_zero                      00000023
verifica_dezena1                  0000003B
verifica_dezena3                  0000003F
verifica_unidade0                 00000014
verifica_unidade1                 00000018
verifica_unidade2                 0000001C
verifica_unidade3                 00000020

MPASM 5.87                          MAIN.ASM   12-10-2021  22:27:15         PAGE 13





Errors   :     0
Warnings :    16 reported,     0 suppressed
Messages :     3 reported,     0 suppressed

